[2xcrypto.net/index.html]
[backblue.gif]
[fade.gif]
[index.html]
[2xcrypto.net/assets/main.css]
[2xcrypto.net/eth/index.html]
[2xcrypto.net/assets/1200px-Ethereum_logo_2014.svg.png]
[2xcrypto.net/btc/index.html]
[2xcrypto.net/assets/Bitcoin.svg.png]
[2xcrypto.net/index.html]
[2xcrypto.net/assets/BG.png]
[2xcrypto.net/assets/main.css]
[2xcrypto.net/assets/style.css]
[2xcrypto.net/assets/animate.css]
[2xcrypto.net/assets/toast.min.css]
[2xcrypto.net/assets/coin-eth.png]
[2xcrypto.net/assets/all.min.css]
[2xcrypto.net/assets/logotype-eth.svg]
[2xcrypto.net/assets/user.svg]
[2xcrypto.net/assets/gems.svg]
[2xcrypto.net/assets/heftige-kritik-an-elon-musk.jpg]
[2xcrypto.net/assets/ethereum.svg]
[2xcrypto.net/assets/copy.svg]
[2xcrypto.net/eth/qrcode.gb9E4Y9wlo.png]
[2xcrypto.net/assets/9t6NH3X.png]
[2xcrypto.net/assets/logotype.html]
[2xcrypto.net/assets/jquery-3.5.1.min.js]
[2xcrypto.net/assets/jquery-ui.min.js]
[2xcrypto.net/assets/jquery.cookie.min.js]
[2xcrypto.net/assets/toast.min.js]
[2xcrypto.net/eth/index.html]
[2xcrypto.net/assets/new.js]
[2xcrypto.net/assets/coin-btc.png]
[2xcrypto.net/assets/logotype-btc.svg]
[2xcrypto.net/assets/bitcoin.svg]
[2xcrypto.net/assets/frame.png]
[2xcrypto.net/btc/qrcode.TRpLAZOwL6.png]
[2xcrypto.net/assets/logo.svg]
[2xcrypto.net/assets/wow.min.js]
[2xcrypto.net/btc/index.html]
[2xcrypto.net/assets/new_btc.js]
[2xcrypto.net/assets/bg-eth.png]
[2xcrypto.net/assets/checked.svg]
[2xcrypto.net/assets/loading.svg]
[2xcrypto.net/assets/arrow.svg]
[2xcrypto.net/assets/style.css]
[2xcrypto.net/assets/animate.css]
[2xcrypto.net/assets/toast.min.css]
[2xcrypto.net/assets/Vector.svg]
[2xcrypto.net/webfonts/fa-brands-400.woff2]
[2xcrypto.net/webfonts/fa-brands-400.ttf]
[2xcrypto.net/webfonts/fa-regular-400.woff2]
[2xcrypto.net/webfonts/fa-regular-400.ttf]
[2xcrypto.net/webfonts/fa-solid-900.woff2]
[2xcrypto.net/webfonts/fa-solid-900.ttf]
[2xcrypto.net/webfonts/fa-v4compatibility.woff2]
[2xcrypto.net/webfonts/fa-v4compatibility.ttf]
[2xcrypto.net/assets/all.min.css]
[2xcrypto.net/assets/logotype-eth.svg]
[2xcrypto.net/assets/user.svg]
[2xcrypto.net/assets/gems.svg]
[2xcrypto.net/assets/ethereum.svg]
[2xcrypto.net/assets/copy.svg]
[2xcrypto.net/assets/assets/main.html]
[2xcrypto.net/assets/eth/index.html]
[2xcrypto.net/assets/assets/1200px-Ethereum_logo_2014.svg.html]
[2xcrypto.net/assets/btc/index.html]
[2xcrypto.net/assets/logotype.html]
[2xcrypto.net/assets/logotype-btc.svg]
[2xcrypto.net/assets/bitcoin.svg]
[2xcrypto.net/assets/logo.svg]
[2xcrypto.net/assets/checked.svg]
[2xcrypto.net/assets/loading.svg]
[2xcrypto.net/assets/arrow.svg]
[2xcrypto.net/assets/Vector.svg]
[2xcrypto.net/assets/assets/Bitcoin.svg.html]
[2xcrypto.net/assets/assets/assets/main.css]
[2xcrypto.net/assets/assets/eth/index.html]
[2xcrypto.net/assets/assets/assets/1200px-Ethereum_logo_2014.svg.png]
[2xcrypto.net/assets/assets/btc/index.html]
[2xcrypto.net/assets/assets/assets/Bitcoin.svg.png]
[2xcrypto.net/assets/assets/main.html]
[2xcrypto.net/assets/eth/index.html]
[2xcrypto.net/assets/assets/1200px-Ethereum_logo_2014.svg.html]
[2xcrypto.net/assets/btc/index.html]
[2xcrypto.net/assets/assets/Bitcoin.svg.html]
[2xcrypto.net/assets/assets/assets/main.html]
[2xcrypto.net/assets/assets/eth/index.html]
[2xcrypto.net/assets/assets/assets/1200px-Ethereum_logo_2014.svg.html]
[2xcrypto.net/assets/assets/btc/index.html]
[2xcrypto.net/assets/assets/assets/Bitcoin.svg.html]
